faf62d807f02
*** Reading local file: /opt/airflow/logs/dag_id=realtime_data/run_id=manual__2023-06-06T22:34:54.665027+00:00/task_id=send_mail/attempt=1.log
[2023-06-06 22:35:31,304] {taskinstance.py:1179} INFO - Dependencies all met for <TaskInstance: realtime_data.send_mail manual__2023-06-06T22:34:54.665027+00:00 [queued]>
[2023-06-06 22:35:31,316] {taskinstance.py:1179} INFO - Dependencies all met for <TaskInstance: realtime_data.send_mail manual__2023-06-06T22:34:54.665027+00:00 [queued]>
[2023-06-06 22:35:31,317] {taskinstance.py:1376} INFO - 
--------------------------------------------------------------------------------
[2023-06-06 22:35:31,318] {taskinstance.py:1377} INFO - Starting attempt 1 of 6
[2023-06-06 22:35:31,321] {taskinstance.py:1378} INFO - 
--------------------------------------------------------------------------------
[2023-06-06 22:35:31,337] {taskinstance.py:1397} INFO - Executing <Task(PythonOperator): send_mail> on 2023-06-06 22:34:54.665027+00:00
[2023-06-06 22:35:31,372] {standard_task_runner.py:52} INFO - Started process 126 to run task
[2023-06-06 22:35:31,390] {standard_task_runner.py:79} INFO - Running: ['***', 'tasks', 'run', 'realtime_data', 'send_mail', 'manual__2023-06-06T22:34:54.665027+00:00', '--job-id', '208', '--raw', '--subdir', 'DAGS_FOLDER/dag_pipeline_flights_final.py', '--cfg-path', '/tmp/tmp3izwd8t0', '--error-file', '/tmp/tmpd4jr9rpk']
[2023-06-06 22:35:31,393] {standard_task_runner.py:80} INFO - Job 208: Subtask send_mail
[2023-06-06 22:35:31,424] {warnings.py:110} WARNING - /home/***/.local/lib/python3.7/site-packages/***/configuration.py:532: DeprecationWarning: The sql_engine_encoding option in [core] has been moved to the sql_engine_encoding option in [database] - the old setting has been used, but please update your config.
  option = self._get_option_from_config_file(deprecated_key, deprecated_section, key, kwargs, section)

[2023-06-06 22:35:31,528] {task_command.py:371} INFO - Running <TaskInstance: realtime_data.send_mail manual__2023-06-06T22:34:54.665027+00:00 [running]> on host faf62d807f02
[2023-06-06 22:35:31,688] {taskinstance.py:1591} INFO - Exporting the following env vars:
AIRFLOW_CTX_DAG_OWNER=CynthiaA
AIRFLOW_CTX_DAG_ID=realtime_data
AIRFLOW_CTX_TASK_ID=send_mail
AIRFLOW_CTX_EXECUTION_DATE=2023-06-06T22:34:54.665027+00:00
AIRFLOW_CTX_TRY_NUMBER=1
AIRFLOW_CTX_DAG_RUN_ID=manual__2023-06-06T22:34:54.665027+00:00
[2023-06-06 22:35:33,070] {logging_mixin.py:115} INFO - Se agregaron nuevos vuelos en tiempo real: 100
[2023-06-06 22:35:34,473] {logging_mixin.py:115} INFO - Exito
[2023-06-06 22:35:34,475] {python.py:173} INFO - Done. Returned value was: None
[2023-06-06 22:35:34,500] {taskinstance.py:1420} INFO - Marking task as SUCCESS. dag_id=realtime_data, task_id=send_mail, execution_date=20230606T223454, start_date=20230606T223531, end_date=20230606T223534
[2023-06-06 22:35:34,580] {local_task_job.py:156} INFO - Task exited with return code 0
[2023-06-06 22:35:34,663] {local_task_job.py:273} INFO - 0 downstream tasks scheduled from follow-on schedule check

